{"/Users/kurtcadenas/Documents/Coding-Projects/E-Cliniq-MERN/server/src/modules/auth/auth.service.ts": {"path":"/Users/kurtcadenas/Documents/Coding-Projects/E-Cliniq-MERN/server/src/modules/auth/auth.service.ts","statementMap":{"0":{"start":{"line":1,"column":0},"end":{"line":1,"column":30}},"1":{"start":{"line":2,"column":0},"end":{"line":2,"column":43}},"2":{"start":{"line":4,"column":0},"end":{"line":4,"column":57}},"3":{"start":{"line":5,"column":0},"end":{"line":5,"column":26}},"4":{"start":{"line":7,"column":24},"end":{"line":27,"column":1}},"5":{"start":{"line":8,"column":23},"end":{"line":8,"column":65}},"6":{"start":{"line":9,"column":2},"end":{"line":9,"column":64}},"7":{"start":{"line":9,"column":20},"end":{"line":9,"column":64}},"8":{"start":{"line":11,"column":18},"end":{"line":11,"column":61}},"9":{"start":{"line":12,"column":2},"end":{"line":12,"column":63}},"10":{"start":{"line":12,"column":16},"end":{"line":12,"column":63}},"11":{"start":{"line":14,"column":25},"end":{"line":14,"column":62}},"12":{"start":{"line":16,"column":15},"end":{"line":24,"column":4}},"13":{"start":{"line":26,"column":2},"end":{"line":26,"column":14}},"14":{"start":{"line":7,"column":13},"end":{"line":7,"column":24}},"15":{"start":{"line":29,"column":21},"end":{"line":40,"column":1}},"16":{"start":{"line":30,"column":15},"end":{"line":30,"column":57}},"17":{"start":{"line":31,"column":2},"end":{"line":31,"column":52}},"18":{"start":{"line":31,"column":13},"end":{"line":31,"column":52}},"19":{"start":{"line":33,"column":18},"end":{"line":33,"column":69}},"20":{"start":{"line":34,"column":2},"end":{"line":34,"column":55}},"21":{"start":{"line":34,"column":16},"end":{"line":34,"column":55}},"22":{"start":{"line":36,"column":16},"end":{"line":36,"column":72}},"23":{"start":{"line":38,"column":36},"end":{"line":38,"column":51}},"24":{"start":{"line":39,"column":2},"end":{"line":39,"column":35}},"25":{"start":{"line":29,"column":13},"end":{"line":29,"column":21}},"26":{"start":{"line":42,"column":21},"end":{"line":47,"column":1}},"27":{"start":{"line":43,"column":15},"end":{"line":43,"column":58}},"28":{"start":{"line":44,"column":2},"end":{"line":44,"column":47}},"29":{"start":{"line":44,"column":13},"end":{"line":44,"column":47}},"30":{"start":{"line":46,"column":2},"end":{"line":46,"column":14}},"31":{"start":{"line":42,"column":13},"end":{"line":42,"column":21}},"32":{"start":{"line":49,"column":31},"end":{"line":64,"column":1}},"33":{"start":{"line":50,"column":20},"end":{"line":50,"column":52}},"34":{"start":{"line":52,"column":14},"end":{"line":60,"column":null}},"35":{"start":{"line":63,"column":2},"end":{"line":63,"column":26}},"36":{"start":{"line":49,"column":13},"end":{"line":49,"column":31}}},"fnMap":{"0":{"name":"(anonymous_1)","decl":{"start":{"line":7,"column":24},"end":{"line":7,"column":29}},"loc":{"start":{"line":7,"column":55},"end":{"line":27,"column":1}}},"1":{"name":"(anonymous_2)","decl":{"start":{"line":29,"column":21},"end":{"line":29,"column":26}},"loc":{"start":{"line":29,"column":49},"end":{"line":40,"column":1}}},"2":{"name":"(anonymous_3)","decl":{"start":{"line":42,"column":21},"end":{"line":42,"column":26}},"loc":{"start":{"line":42,"column":42},"end":{"line":47,"column":1}}},"3":{"name":"(anonymous_4)","decl":{"start":{"line":49,"column":31},"end":{"line":49,"column":36}},"loc":{"start":{"line":49,"column":55},"end":{"line":64,"column":1}}}},"branchMap":{"0":{"loc":{"start":{"line":9,"column":2},"end":{"line":9,"column":64}},"type":"if","locations":[{"start":{"line":9,"column":2},"end":{"line":9,"column":64}},{"start":{},"end":{}}]},"1":{"loc":{"start":{"line":12,"column":2},"end":{"line":12,"column":63}},"type":"if","locations":[{"start":{"line":12,"column":2},"end":{"line":12,"column":63}},{"start":{},"end":{}}]},"2":{"loc":{"start":{"line":18,"column":16},"end":{"line":18,"column":38}},"type":"binary-expr","locations":[{"start":{"line":18,"column":16},"end":{"line":18,"column":32}},{"start":{"line":18,"column":36},"end":{"line":18,"column":38}}]},"3":{"loc":{"start":{"line":20,"column":12},"end":{"line":20,"column":30}},"type":"binary-expr","locations":[{"start":{"line":20,"column":12},"end":{"line":20,"column":24}},{"start":{"line":20,"column":28},"end":{"line":20,"column":30}}]},"4":{"loc":{"start":{"line":31,"column":2},"end":{"line":31,"column":52}},"type":"if","locations":[{"start":{"line":31,"column":2},"end":{"line":31,"column":52}},{"start":{},"end":{}}]},"5":{"loc":{"start":{"line":34,"column":2},"end":{"line":34,"column":55}},"type":"if","locations":[{"start":{"line":34,"column":2},"end":{"line":34,"column":55}},{"start":{},"end":{}}]},"6":{"loc":{"start":{"line":44,"column":2},"end":{"line":44,"column":47}},"type":"if","locations":[{"start":{"line":44,"column":2},"end":{"line":44,"column":47}},{"start":{},"end":{}}]}},"s":{"0":1,"1":1,"2":1,"3":1,"4":1,"5":3,"6":3,"7":1,"8":2,"9":2,"10":1,"11":1,"12":1,"13":1,"14":1,"15":1,"16":3,"17":3,"18":1,"19":2,"20":2,"21":1,"22":1,"23":1,"24":1,"25":1,"26":1,"27":2,"28":2,"29":1,"30":1,"31":1,"32":1,"33":4,"34":4,"35":4,"36":1},"f":{"0":3,"1":3,"2":2,"3":4},"b":{"0":[1,2],"1":[1,1],"2":[1,1],"3":[1,1],"4":[1,2],"5":[1,1],"6":[1,1]}}
,"/Users/kurtcadenas/Documents/Coding-Projects/E-Cliniq-MERN/server/src/modules/users/user.model.ts": {"path":"/Users/kurtcadenas/Documents/Coding-Projects/E-Cliniq-MERN/server/src/modules/users/user.model.ts","statementMap":{"0":{"start":{"line":1,"column":0},"end":{"line":1,"column":58}},"1":{"start":{"line":14,"column":19},"end":{"line":28,"column":null}},"2":{"start":{"line":31,"column":13},"end":{"line":31,"column":60}}},"fnMap":{},"branchMap":{},"s":{"0":1,"1":1,"2":1},"f":{},"b":{}}
,"/Users/kurtcadenas/Documents/Coding-Projects/E-Cliniq-MERN/server/src/utils/jwt.ts": {"path":"/Users/kurtcadenas/Documents/Coding-Projects/E-Cliniq-MERN/server/src/utils/jwt.ts","statementMap":{"0":{"start":{"line":1,"column":0},"end":{"line":1,"column":47}},"1":{"start":{"line":10,"column":19},"end":{"line":10,"column":41}},"2":{"start":{"line":11,"column":0},"end":{"line":13,"column":1}},"3":{"start":{"line":12,"column":2},"end":{"line":12,"column":68}},"4":{"start":{"line":16,"column":23},"end":{"line":16,"column":27}},"5":{"start":{"line":19,"column":25},"end":{"line":25,"column":1}},"6":{"start":{"line":22,"column":2},"end":{"line":24,"column":5}},"7":{"start":{"line":19,"column":13},"end":{"line":19,"column":25}},"8":{"start":{"line":28,"column":27},"end":{"line":45,"column":1}},"9":{"start":{"line":29,"column":2},"end":{"line":44,"column":3}},"10":{"start":{"line":30,"column":20},"end":{"line":30,"column":59}},"11":{"start":{"line":33,"column":4},"end":{"line":39,"column":5}},"12":{"start":{"line":38,"column":6},"end":{"line":38,"column":47}},"13":{"start":{"line":41,"column":4},"end":{"line":41,"column":39}},"14":{"start":{"line":43,"column":4},"end":{"line":43,"column":48}},"15":{"start":{"line":28,"column":13},"end":{"line":28,"column":27}}},"fnMap":{"0":{"name":"(anonymous_1)","decl":{"start":{"line":19,"column":25},"end":{"line":19,"column":null}},"loc":{"start":{"line":21,"column":12},"end":{"line":25,"column":1}}},"1":{"name":"(anonymous_2)","decl":{"start":{"line":28,"column":27},"end":{"line":28,"column":28}},"loc":{"start":{"line":28,"column":63},"end":{"line":45,"column":1}}}},"branchMap":{"0":{"loc":{"start":{"line":11,"column":0},"end":{"line":13,"column":1}},"type":"if","locations":[{"start":{"line":11,"column":0},"end":{"line":13,"column":1}},{"start":{},"end":{}}]},"1":{"loc":{"start":{"line":33,"column":4},"end":{"line":39,"column":5}},"type":"if","locations":[{"start":{"line":33,"column":4},"end":{"line":39,"column":5}},{"start":{},"end":{}}]},"2":{"loc":{"start":{"line":34,"column":6},"end":{"line":36,"column":37}},"type":"binary-expr","locations":[{"start":{"line":34,"column":6},"end":{"line":34,"column":33}},{"start":{"line":35,"column":6},"end":{"line":35,"column":22}},{"start":{"line":36,"column":6},"end":{"line":36,"column":37}}]}},"s":{"0":1,"1":1,"2":1,"3":0,"4":1,"5":1,"6":0,"7":1,"8":1,"9":0,"10":0,"11":0,"12":0,"13":0,"14":0,"15":1},"f":{"0":0,"1":0},"b":{"0":[0,1],"1":[0,0],"2":[0,0,0]}}
}
