TN:
SF:src/modules/auth/auth.service.ts
FN:7,(anonymous_1)
FN:29,(anonymous_2)
FN:42,(anonymous_3)
FN:49,(anonymous_4)
FNF:4
FNH:4
FNDA:3,(anonymous_1)
FNDA:3,(anonymous_2)
FNDA:2,(anonymous_3)
FNDA:4,(anonymous_4)
DA:1,1
DA:2,1
DA:4,1
DA:5,1
DA:7,1
DA:8,3
DA:9,3
DA:11,2
DA:12,2
DA:14,1
DA:16,1
DA:26,1
DA:29,1
DA:30,3
DA:31,3
DA:33,2
DA:34,2
DA:36,1
DA:38,1
DA:39,1
DA:42,1
DA:43,2
DA:44,2
DA:46,1
DA:49,1
DA:50,4
DA:52,4
DA:63,4
LF:28
LH:28
BRDA:9,0,0,1
BRDA:9,0,1,2
BRDA:12,1,0,1
BRDA:12,1,1,1
BRDA:18,2,0,1
BRDA:18,2,1,1
BRDA:20,3,0,1
BRDA:20,3,1,1
BRDA:31,4,0,1
BRDA:31,4,1,2
BRDA:34,5,0,1
BRDA:34,5,1,1
BRDA:44,6,0,1
BRDA:44,6,1,1
BRF:14
BRH:14
end_of_record
TN:
SF:src/modules/users/user.model.ts
FNF:0
FNH:0
DA:1,1
DA:14,1
DA:31,1
LF:3
LH:3
BRF:0
BRH:0
end_of_record
TN:
SF:src/utils/jwt.ts
FN:19,(anonymous_1)
FN:28,(anonymous_2)
FNF:2
FNH:0
FNDA:0,(anonymous_1)
FNDA:0,(anonymous_2)
DA:1,1
DA:10,1
DA:11,1
DA:12,0
DA:16,1
DA:19,1
DA:22,0
DA:28,1
DA:29,0
DA:30,0
DA:33,0
DA:38,0
DA:41,0
DA:43,0
LF:14
LH:6
BRDA:11,0,0,0
BRDA:11,0,1,1
BRDA:33,1,0,0
BRDA:33,1,1,0
BRDA:34,2,0,0
BRDA:34,2,1,0
BRDA:34,2,2,0
BRF:7
BRH:1
end_of_record
